<?xml version="1.0" encoding="UTF-8"?>
<!-- Generated by org.testng.reporters.JUnitReportReporter -->
<testsuite skipped="0" hostname="ASHOK-PC" name="com.PageTestClasses.FlightPageTest" tests="5" failures="0" timestamp="28 Apr 2019 10:25:13 GMT" time="72.977" errors="0">
  <testcase name="validateFlightPageTest" time="3.626" classname="com.PageTestClasses.FlightPageTest"/>
  <testcase name="display_noOf_FlightTest" time="19.935" classname="com.PageTestClasses.FlightPageTest"/>
  <testcase name="display_noOf_Non_Stop_FlightTest" time="20.263" classname="com.PageTestClasses.FlightPageTest"/>
  <testcase name="display_noOf_One_Stop_FlightTest" time="20.614" classname="com.PageTestClasses.FlightPageTest"/>
  <testcase name="selectFlightTest" time="8.539" classname="com.PageTestClasses.FlightPageTest"/>
</testsuite> <!-- com.PageTestClasses.FlightPageTest -->
