<?xml version="1.0" encoding="UTF-8"?>
<!-- Generated by org.testng.reporters.JUnitReportReporter -->
<testsuite skipped="0" hostname="ASHOK-PC" name="com.PageTestClasses.HomePageTest" tests="2" failures="0" timestamp="25 Apr 2019 13:52:23 GMT" time="10.545" errors="0">
  <testcase name="verifyHomepageTitle" time="0.449" classname="com.PageTestClasses.HomePageTest"/>
  <testcase name="bookTicketTest" time="10.096" classname="com.PageTestClasses.HomePageTest"/>
</testsuite> <!-- com.PageTestClasses.HomePageTest -->
