<?xml version="1.0" encoding="UTF-8"?>
<!-- Generated by org.testng.reporters.JUnitReportReporter -->
<testsuite skipped="0" hostname="ASHOK-PC" name="com.PageTestClasses.FlightPageTest" tests="5" failures="0" timestamp="28 Apr 2019 07:35:22 GMT" time="111.809" errors="0">
  <testcase name="validateFlightPageTest" time="3.638" classname="com.PageTestClasses.FlightPageTest"/>
  <testcase name="display_noOf_FlightTest" time="34.389" classname="com.PageTestClasses.FlightPageTest"/>
  <testcase name="display_noOf_Non_Stop_FlightTest" time="32.324" classname="com.PageTestClasses.FlightPageTest"/>
  <testcase name="display_noOf_One_Stop_FlightTest" time="32.549" classname="com.PageTestClasses.FlightPageTest"/>
  <testcase name="selectFlightTest" time="8.909" classname="com.PageTestClasses.FlightPageTest"/>
</testsuite> <!-- com.PageTestClasses.FlightPageTest -->
