<?xml version="1.0" encoding="UTF-8"?>
<!-- Generated by org.testng.reporters.JUnitReportReporter -->
<testsuite skipped="0" hostname="ASHOK-PC" name="com.PageTestClasses.FlightPageTest" tests="5" failures="0" timestamp="28 Apr 2019 11:26:36 GMT" time="66.447" errors="0">
  <testcase name="validateFlightPageTest" time="4.705" classname="com.PageTestClasses.FlightPageTest"/>
  <testcase name="display_noOf_FlightTest" time="18.619" classname="com.PageTestClasses.FlightPageTest"/>
  <testcase name="display_noOf_Non_Stop_FlightTest" time="17.254" classname="com.PageTestClasses.FlightPageTest"/>
  <testcase name="display_noOf_One_Stop_FlightTest" time="17.416" classname="com.PageTestClasses.FlightPageTest"/>
  <testcase name="selectFlightTest" time="8.453" classname="com.PageTestClasses.FlightPageTest"/>
</testsuite> <!-- com.PageTestClasses.FlightPageTest -->
