<?xml version="1.0" encoding="UTF-8"?>
<!-- Generated by org.testng.reporters.JUnitReportReporter -->
<testsuite skipped="0" hostname="ASHOK-PC" name="com.PageTestClasses.HomePageTest" tests="2" failures="0" timestamp="26 Apr 2019 12:45:58 GMT" time="13.303" errors="0">
  <testcase name="verifyHomepageTitle" time="0.058" classname="com.PageTestClasses.HomePageTest"/>
  <testcase name="searchFlightsTest" time="13.245" classname="com.PageTestClasses.HomePageTest"/>
</testsuite> <!-- com.PageTestClasses.HomePageTest -->
