<?xml version="1.0" encoding="UTF-8"?>
<!-- Generated by org.testng.reporters.JUnitReportReporter -->
<testsuite skipped="0" hostname="ASHOK-PC" name="com.PageTestClasses.HomePageTest" tests="2" failures="0" timestamp="28 Apr 2019 07:35:22 GMT" time="32.981" errors="0">
  <testcase name="verifyHomepageTitle" time="3.097" classname="com.PageTestClasses.HomePageTest"/>
  <testcase name="searchFlightsTest" time="29.884" classname="com.PageTestClasses.HomePageTest"/>
</testsuite> <!-- com.PageTestClasses.HomePageTest -->
