<?xml version="1.0" encoding="UTF-8"?>
<!-- Generated by org.testng.reporters.JUnitReportReporter -->
<testsuite skipped="0" hostname="ASHOK-PC" name="com.PageTestClasses.FlightPageTest" tests="5" failures="0" timestamp="26 Apr 2019 12:45:58 GMT" time="123.550" errors="0">
  <testcase name="validateFlightPageTest" time="0.211" classname="com.PageTestClasses.FlightPageTest"/>
  <testcase name="display_noOf_FlightTest" time="38.767" classname="com.PageTestClasses.FlightPageTest"/>
  <testcase name="display_noOf_Non_Stop_FlightTest" time="38.076" classname="com.PageTestClasses.FlightPageTest"/>
  <testcase name="display_noOf_One_Stop_FlightTest" time="38.316" classname="com.PageTestClasses.FlightPageTest"/>
  <testcase name="selectFlightTest" time="8.180" classname="com.PageTestClasses.FlightPageTest"/>
</testsuite> <!-- com.PageTestClasses.FlightPageTest -->
