<?xml version="1.0" encoding="UTF-8"?>
<!-- Generated by org.testng.reporters.JUnitReportReporter -->
<testsuite skipped="0" hostname="ASHOK-PC" name="com.PageTestClasses.HomePageTest" tests="2" failures="0" timestamp="28 Apr 2019 11:26:36 GMT" time="20.229" errors="0">
  <testcase name="verifyHomepageTitle" time="5.643" classname="com.PageTestClasses.HomePageTest"/>
  <testcase name="searchFlightsTest" time="14.586" classname="com.PageTestClasses.HomePageTest"/>
</testsuite> <!-- com.PageTestClasses.HomePageTest -->
