<?xml version="1.0" encoding="UTF-8"?>
<!-- Generated by org.testng.reporters.JUnitReportReporter -->
<testsuite skipped="0" hostname="ASHOK-PC" name="com.PageTestClasses.HomePageTest" tests="2" failures="0" timestamp="25 Apr 2019 16:32:03 GMT" time="11.874" errors="0">
  <testcase name="verifyHomepageTitle" time="0.111" classname="com.PageTestClasses.HomePageTest"/>
  <testcase name="searchFlightsTest" time="11.763" classname="com.PageTestClasses.HomePageTest"/>
</testsuite> <!-- com.PageTestClasses.HomePageTest -->
